Compiling C:\Users\Kevin\Desktop\UAQ Auto\Tareas y Trabajos\S4_Microsistemas\videoujuego online\displaymain on 22-nov.-24 at 13:51
>>> Warning 240 "C:\Users\Kevin\Desktop\UAQ Auto\Tareas y Trabajos\S4_Microsistemas\videoujuego online\displaymain.c" Line 938(21,37): Pointer types do not match
>>> Warning 240 "C:\Users\Kevin\Desktop\UAQ Auto\Tareas y Trabajos\S4_Microsistemas\videoujuego online\displaymain.c" Line 938(39,55): Pointer types do not match
>>> Warning 202 "C:\Users\Kevin\Desktop\UAQ Auto\Tareas y Trabajos\S4_Microsistemas\videoujuego online\displaymain.c" Line 16(7,24): Variable never used:   last_ship_angle_1
>>> Warning 202 "C:\Users\Kevin\Desktop\UAQ Auto\Tareas y Trabajos\S4_Microsistemas\videoujuego online\displaymain.c" Line 17(7,19): Variable never used:   ship_angle_1
>>> Warning 202 "C:\Users\Kevin\Desktop\UAQ Auto\Tareas y Trabajos\S4_Microsistemas\videoujuego online\displaymain.c" Line 25(7,24): Variable never used:   last_ship_angle_2
>>> Warning 202 "C:\Users\Kevin\Desktop\UAQ Auto\Tareas y Trabajos\S4_Microsistemas\videoujuego online\displaymain.c" Line 26(7,19): Variable never used:   ship_angle_2
>>> Warning 202 "C:\Users\Kevin\Desktop\UAQ Auto\Tareas y Trabajos\S4_Microsistemas\videoujuego online\displaymain.c" Line 67(6,14): Variable never used:   bullet_1
>>> Warning 202 "C:\Users\Kevin\Desktop\UAQ Auto\Tareas y Trabajos\S4_Microsistemas\videoujuego online\displaymain.c" Line 68(12,36): Variable never used:   last_last_bullet_x_pos_1
>>> Warning 202 "C:\Users\Kevin\Desktop\UAQ Auto\Tareas y Trabajos\S4_Microsistemas\videoujuego online\displaymain.c" Line 69(12,36): Variable never used:   last_last_bullet_y_pos_1
>>> Warning 202 "C:\Users\Kevin\Desktop\UAQ Auto\Tareas y Trabajos\S4_Microsistemas\videoujuego online\displaymain.c" Line 72(14,28): Variable never used:   bullet_x_pos_1
>>> Warning 202 "C:\Users\Kevin\Desktop\UAQ Auto\Tareas y Trabajos\S4_Microsistemas\videoujuego online\displaymain.c" Line 73(14,28): Variable never used:   bullet_y_pos_1
>>> Warning 202 "C:\Users\Kevin\Desktop\UAQ Auto\Tareas y Trabajos\S4_Microsistemas\videoujuego online\displaymain.c" Line 74(7,18): Variable never used:   bullet_dx_1
>>> Warning 202 "C:\Users\Kevin\Desktop\UAQ Auto\Tareas y Trabajos\S4_Microsistemas\videoujuego online\displaymain.c" Line 75(7,18): Variable never used:   bullet_dy_1
>>> Warning 202 "C:\Users\Kevin\Desktop\UAQ Auto\Tareas y Trabajos\S4_Microsistemas\videoujuego online\displaymain.c" Line 76(6,24): Variable never used:   bullet_collision_1
>>> Warning 202 "C:\Users\Kevin\Desktop\UAQ Auto\Tareas y Trabajos\S4_Microsistemas\videoujuego online\displaymain.c" Line 78(6,14): Variable never used:   bullet_2
>>> Warning 202 "C:\Users\Kevin\Desktop\UAQ Auto\Tareas y Trabajos\S4_Microsistemas\videoujuego online\displaymain.c" Line 79(12,36): Variable never used:   last_last_bullet_x_pos_2
>>> Warning 202 "C:\Users\Kevin\Desktop\UAQ Auto\Tareas y Trabajos\S4_Microsistemas\videoujuego online\displaymain.c" Line 80(12,36): Variable never used:   last_last_bullet_y_pos_2
>>> Warning 202 "C:\Users\Kevin\Desktop\UAQ Auto\Tareas y Trabajos\S4_Microsistemas\videoujuego online\displaymain.c" Line 83(14,28): Variable never used:   bullet_x_pos_2
>>> Warning 202 "C:\Users\Kevin\Desktop\UAQ Auto\Tareas y Trabajos\S4_Microsistemas\videoujuego online\displaymain.c" Line 84(14,28): Variable never used:   bullet_y_pos_2
>>> Warning 202 "C:\Users\Kevin\Desktop\UAQ Auto\Tareas y Trabajos\S4_Microsistemas\videoujuego online\displaymain.c" Line 85(7,18): Variable never used:   bullet_dx_2
>>> Warning 202 "C:\Users\Kevin\Desktop\UAQ Auto\Tareas y Trabajos\S4_Microsistemas\videoujuego online\displaymain.c" Line 86(7,18): Variable never used:   bullet_dy_2
>>> Warning 202 "C:\Users\Kevin\Desktop\UAQ Auto\Tareas y Trabajos\S4_Microsistemas\videoujuego online\displaymain.c" Line 87(6,24): Variable never used:   bullet_collision_2
>>> Warning 202 "C:\Users\Kevin\Desktop\UAQ Auto\Tareas y Trabajos\S4_Microsistemas\videoujuego online\displaymain.c" Line 124(6,15): Variable never used:   mode_inic
>>> Warning 202 "C:\Users\Kevin\Desktop\UAQ Auto\Tareas y Trabajos\S4_Microsistemas\videoujuego online\displaymain.c" Line 126(6,11): Variable never used:   flagg
>>> Warning 202 "C:\Users\Kevin\Desktop\UAQ Auto\Tareas y Trabajos\S4_Microsistemas\videoujuego online\displaymain.c" Line 127(6,14): Variable never used:   flag_rec
      Memory usage:   ROM=61%      RAM=30% - 37%
      0 Errors,  25 Warnings.
Build Successful.
